# JRE version: OpenJDK Runtime Environment (8.0_45-b14) (build 1.8.0_45-internal-b14)
# Java VM: OpenJDK 64-Bit Server VM (25.45-b02 mixed mode linux-amd64 compressed oops)
Heap:
 PSYoungGen      total 132608K, used 2816K [0x00000000ebd80000, 0x00000000f4480000, 0x0000000100000000)
  eden space 126976K, 0% used [0x00000000ebd80000,0x00000000ebd80000,0x00000000f3980000)
  from space 5632K, 50% used [0x00000000f3980000,0x00000000f3c40000,0x00000000f3f00000)
  to   space 5632K, 0% used [0x00000000f3f00000,0x00000000f3f00000,0x00000000f4480000)
 ParOldGen       total 42496K, used 9064K [0x00000000c3800000, 0x00000000c6180000, 0x00000000ebd80000)
  object space 42496K, 21% used [0x00000000c3800000,0x00000000c40da3a8,0x00000000c6180000)
 Metaspace       used 19010K, capacity 21285K, committed 21296K, reserved 1067008K
  class space    used 4106K, capacity 4853K, committed 4864K, reserved 1048576K
GC Heap History (10 events):
Event: 4.004 GC heap after
Heap after GC invocations=4 (full 0):
 PSYoungGen      total 34304K, used 2538K [0x00000000ebd80000, 0x00000000ee180000, 0x0000000100000000)
  eden space 31744K, 0% used [0x00000000ebd80000,0x00000000ebd80000,0x00000000edc80000)
  from space 2560K, 99% used [0x00000000edf00000,0x00000000ee17ab90,0x00000000ee180000)
  to   space 2560K, 0% used [0x00000000edc80000,0x00000000edc80000,0x00000000edf00000)
 ParOldGen       total 42496K, used 3801K [0x00000000c3800000, 0x00000000c6180000, 0x00000000ebd80000)
  object space 42496K, 8% used [0x00000000c3800000,0x00000000c3bb6718,0x00000000c6180000)
 Metaspace       used 10442K, capacity 10579K, committed 10752K, reserved 1058816K
  class space    used 1985K, capacity 2012K, committed 2048K, reserved 1048576K
}
Event: 4.658 GC heap before
{Heap before GC invocations=5 (full 0):
 PSYoungGen      total 34304K, used 34282K [0x00000000ebd80000, 0x00000000ee180000, 0x0000000100000000)
  eden space 31744K, 100% used [0x00000000ebd80000,0x00000000edc80000,0x00000000edc80000)
  from space 2560K, 99% used [0x00000000edf00000,0x00000000ee17ab90,0x00000000ee180000)
  to   space 2560K, 0% used [0x00000000edc80000,0x00000000edc80000,0x00000000edf00000)
 ParOldGen       total 42496K, used 3801K [0x00000000c3800000, 0x00000000c6180000, 0x00000000ebd80000)
  object space 42496K, 8% used [0x00000000c3800000,0x00000000c3bb6718,0x00000000c6180000)
 Metaspace       used 12040K, capacity 12359K, committed 12544K, reserved 1058816K
  class space    used 2335K, capacity 2452K, committed 2560K, reserved 1048576K
Event: 4.674 GC heap after
Heap after GC invocations=5 (full 0):
 PSYoungGen      total 34304K, used 2554K [0x00000000ebd80000, 0x00000000f0580000, 0x0000000100000000)
  eden space 31744K, 0% used [0x00000000ebd80000,0x00000000ebd80000,0x00000000edc80000)
  from space 2560K, 99% used [0x00000000edc80000,0x00000000edefeba0,0x00000000edf00000)
  to   space 5120K, 0% used [0x00000000f0080000,0x00000000f0080000,0x00000000f0580000)
 ParOldGen       total 42496K, used 5443K [0x00000000c3800000, 0x00000000c6180000, 0x00000000ebd80000)
  object space 42496K, 12% used [0x00000000c3800000,0x00000000c3d50e78,0x00000000c6180000)
 Metaspace       used 12040K, capacity 12359K, committed 12544K, reserved 1058816K
  class space    used 2335K, capacity 2452K, committed 2560K, reserved 1048576K
}
Event: 5.275 GC heap before
{Heap before GC invocations=6 (full 0):
 PSYoungGen      total 34304K, used 34298K [0x00000000ebd80000, 0x00000000f0580000, 0x0000000100000000)
  eden space 31744K, 100% used [0x00000000ebd80000,0x00000000edc80000,0x00000000edc80000)
  from space 2560K, 99% used [0x00000000edc80000,0x00000000edefeba0,0x00000000edf00000)
  to   space 5120K, 0% used [0x00000000f0080000,0x00000000f0080000,0x00000000f0580000)
 ParOldGen       total 42496K, used 5443K [0x00000000c3800000, 0x00000000c6180000, 0x00000000ebd80000)
  object space 42496K, 12% used [0x00000000c3800000,0x00000000c3d50e78,0x00000000c6180000)
 Metaspace       used 13789K, capacity 14351K, committed 14592K, reserved 1060864K
  class space    used 2795K, capacity 2984K, committed 3072K, reserved 1048576K
Event: 5.295 GC heap after
Heap after GC invocations=6 (full 0):
 PSYoungGen      total 68608K, used 4717K [0x00000000ebd80000, 0x00000000f0580000, 0x0000000100000000)
  eden space 63488K, 0% used [0x00000000ebd80000,0x00000000ebd80000,0x00000000efb80000)
  from space 5120K, 92% used [0x00000000f0080000,0x00000000f051b7c8,0x00000000f0580000)
  to   space 5120K, 0% used [0x00000000efb80000,0x00000000efb80000,0x00000000f0080000)
 ParOldGen       total 42496K, used 5451K [0x00000000c3800000, 0x00000000c6180000, 0x00000000ebd80000)
  object space 42496K, 12% used [0x00000000c3800000,0x00000000c3d52e78,0x00000000c6180000)
 Metaspace       used 13789K, capacity 14351K, committed 14592K, reserved 1060864K
  class space    used 2795K, capacity 2984K, committed 3072K, reserved 1048576K
}
Event: 7.668 GC heap before
{Heap before GC invocations=7 (full 0):
 PSYoungGen      total 68608K, used 68205K [0x00000000ebd80000, 0x00000000f0580000, 0x0000000100000000)
  eden space 63488K, 100% used [0x00000000ebd80000,0x00000000efb80000,0x00000000efb80000)
  from space 5120K, 92% used [0x00000000f0080000,0x00000000f051b7c8,0x00000000f0580000)
  to   space 5120K, 0% used [0x00000000efb80000,0x00000000efb80000,0x00000000f0080000)
 ParOldGen       total 42496K, used 5451K [0x00000000c3800000, 0x00000000c6180000, 0x00000000ebd80000)
  object space 42496K, 12% used [0x00000000c3800000,0x00000000c3d52e78,0x00000000c6180000)
 Metaspace       used 16744K, capacity 18085K, committed 18304K, reserved 1062912K
  class space    used 3425K, capacity 3886K, committed 3968K, reserved 1048576K
Event: 7.686 GC heap after
Heap after GC invocations=7 (full 0):
 PSYoungGen      total 68608K, used 4912K [0x00000000ebd80000, 0x00000000f4480000, 0x0000000100000000)
  eden space 63488K, 0% used [0x00000000ebd80000,0x00000000ebd80000,0x00000000efb80000)
  from space 5120K, 95% used [0x00000000efb80000,0x00000000f004c230,0x00000000f0080000)
  to   space 5632K, 0% used [0x00000000f3f00000,0x00000000f3f00000,0x00000000f4480000)
 ParOldGen       total 42496K, used 6551K [0x00000000c3800000, 0x00000000c6180000, 0x00000000ebd80000)
  object space 42496K, 15% used [0x00000000c3800000,0x00000000c3e65c98,0x00000000c6180000)
 Metaspace       used 16744K, capacity 18085K, committed 18304K, reserved 1062912K
  class space    used 3425K, capacity 3886K, committed 3968K, reserved 1048576K
}
Event: 9.237 GC heap before
{Heap before GC invocations=8 (full 0):
 PSYoungGen      total 68608K, used 68400K [0x00000000ebd80000, 0x00000000f4480000, 0x0000000100000000)
  eden space 63488K, 100% used [0x00000000ebd80000,0x00000000efb80000,0x00000000efb80000)
  from space 5120K, 95% used [0x00000000efb80000,0x00000000f004c230,0x00000000f0080000)
  to   space 5632K, 0% used [0x00000000f3f00000,0x00000000f3f00000,0x00000000f4480000)
 ParOldGen       total 42496K, used 6551K [0x00000000c3800000, 0x00000000c6180000, 0x00000000ebd80000)
  object space 42496K, 15% used [0x00000000c3800000,0x00000000c3e65c98,0x00000000c6180000)
 Metaspace       used 18374K, capacity 20281K, committed 20480K, reserved 1064960K
  class space    used 3884K, capacity 4521K, committed 4608K, reserved 1048576K
Event: 9.254 GC heap after
Heap after GC invocations=8 (full 0):
 PSYoungGen      total 132608K, used 4405K [0x00000000ebd80000, 0x00000000f4480000, 0x0000000100000000)
  eden space 126976K, 0% used [0x00000000ebd80000,0x00000000ebd80000,0x00000000f3980000)
  from space 5632K, 78% used [0x00000000f3f00000,0x00000000f434d418,0x00000000f4480000)
  to   space 5632K, 0% used [0x00000000f3980000,0x00000000f3980000,0x00000000f3f00000)
 ParOldGen       total 42496K, used 7350K [0x00000000c3800000, 0x00000000c6180000, 0x00000000ebd80000)
  object space 42496K, 17% used [0x00000000c3800000,0x00000000c3f2db20,0x00000000c6180000)
 Metaspace       used 18374K, capacity 20281K, committed 20480K, reserved 1064960K
  class space    used 3884K, capacity 4521K, committed 4608K, reserved 1048576K
}
Event: 9.799 GC heap before
{Heap before GC invocations=9 (full 0):
 PSYoungGen      total 132608K, used 29771K [0x00000000ebd80000, 0x00000000f4480000, 0x0000000100000000)
  eden space 126976K, 19% used [0x00000000ebd80000,0x00000000ed645b70,0x00000000f3980000)
  from space 5632K, 78% used [0x00000000f3f00000,0x00000000f434d418,0x00000000f4480000)
  to   space 5632K, 0% used [0x00000000f3980000,0x00000000f3980000,0x00000000f3f00000)
 ParOldGen       total 42496K, used 7350K [0x00000000c3800000, 0x00000000c6180000, 0x00000000ebd80000)
  object space 42496K, 17% used [0x00000000c3800000,0x00000000c3f2db20,0x00000000c6180000)
 Metaspace       used 19010K, capacity 21285K, committed 21296K, reserved 1067008K
  class space    used 4106K, capacity 4853K, committed 4864K, reserved 1048576K

